<?xml version="1.0" encoding="UTF-8"?>
<!-- Generated by org.testng.reporters.JUnitReportReporter -->
<testsuite hostname="NIKHIL" failures="0" tests="1" name="seleniumMaven.TC_Login" time="49.396" errors="0" timestamp="2022-02-23T21:00:40 IST" skipped="0">
  <testcase classname="seleniumMaven.TC_Login" name="loginTest" time="49.396"/>
  <system-out/>
</testsuite> <!-- seleniumMaven.TC_Login -->
