<?xml version="1.0" encoding="UTF-8"?>
<!-- Generated by org.testng.reporters.JUnitReportReporter -->
<testsuite hostname="NIKHIL" failures="0" tests="2" name="seleniumMaven.firstProjectTest" time="0.005" errors="0" timestamp="2022-02-23T11:08:13 IST" skipped="0">
  <testcase classname="seleniumMaven.firstProjectTest" name="testLogin1" time="0.005"/>
  <system-out/>
  <testcase classname="seleniumMaven.firstProjectTest" name="testLogin2" time="0.000"/>
  <system-out/>
</testsuite> <!-- seleniumMaven.firstProjectTest -->
